<?xml version="1.0" encoding="UTF-8"?>
<!-- Generated by org.testng.reporters.JUnitXMLReporter -->
<testsuite hostname="P-Gosai-Pc" ignored="0" name="PC App Test Cases" tests="7" failures="1" timestamp="10 Feb 2020 05:21:02 GMT" time="102.962" errors="0">
  <testcase name="loginPageTitleTest" time="30.453" classname="com.crm.qa.testcases.LoginPageTest">
    <failure type="java.lang.AssertionError" message="expected [true] but found [false]">
      <![CDATA[java.lang.AssertionError: expected [true] but found [false]
	at com.crm.qa.testcases.LoginPageTest.loginPageTitleTest(LoginPageTest.java:45)
... Removed 29 stack frames]]>
    </failure>
  </testcase> <!-- loginPageTitleTest -->
  <testcase name="loginTest" time="7.877" classname="com.crm.qa.testcases.LoginPageTest"/>
  <testcase name="invalidUserName" time="0.759" classname="com.crm.qa.testcases.LoginPageTest"/>
  <testcase name="invalidPassword" time="0.681" classname="com.crm.qa.testcases.LoginPageTest"/>
  <testcase name="invalidLoginCredentails" time="0.263" classname="com.crm.qa.testcases.LoginPageTest"/>
  <testcase name="blankCredentailsForBoth" time="0.582" classname="com.crm.qa.testcases.LoginPageTest"/>
  <testcase name="validCredentailsForBoth" time="9.407" classname="com.crm.qa.testcases.LoginPageTest"/>
</testsuite> <!-- PC App Test Cases -->
